<?xml version="1.0" encoding="UTF-8"?>
<testng-results skipped="0" failed="0" ignored="0" total="1" passed="1">
  <reporter-output>
  </reporter-output>
  <suite name="Default suite" duration-ms="62" started-at="2023-08-03T19:30:14 IST" finished-at="2023-08-03T19:30:14 IST">
    <groups>
    </groups>
    <test name="Default test" duration-ms="62" started-at="2023-08-03T19:30:14 IST" finished-at="2023-08-03T19:30:14 IST">
      <class name="sample.Demo">
        <test-method status="PASS" signature="sample()[pri:0, instance:sample.Demo@9660f4e]" name="sample" duration-ms="10" started-at="2023-08-03T19:30:14 IST" finished-at="2023-08-03T19:30:14 IST">
          <reporter-output>
          </reporter-output>
        </test-method> <!-- sample -->
      </class> <!-- sample.Demo -->
    </test> <!-- Default test -->
  </suite> <!-- Default suite -->
</testng-results>
